<?xml version="1.0" encoding="UTF-8"?>
<!-- Generated by org.testng.reporters.JUnitReportReporter -->
<testsuite hostname="DESKTOP-OPND05L" name="com.amazonassignment.testcases.SignInPageTest" tests="1" failures="0" timestamp="27 Apr 2020 13:17:44 GMT" time="10.887" errors="0">
  <testcase name="testSignInPage" time="10.887" classname="com.amazonassignment.testcases.SignInPageTest"/>
</testsuite> <!-- com.amazonassignment.testcases.SignInPageTest -->
