<?xml version="1.0" encoding="UTF-8"?>
<!-- Generated by org.testng.reporters.JUnitReportReporter -->
<testsuite hostname="Home-Computer" name="com.amazonassignment.testcases.LogoutProcessTest" tests="1" failures="0" timestamp="27 Apr 2020 08:42:24 GMT" time="53.482" errors="0">
  <testcase name="testLogout" time="53.482" classname="com.amazonassignment.testcases.LogoutProcessTest"/>
</testsuite> <!-- com.amazonassignment.testcases.LogoutProcessTest -->
