<?xml version="1.0" encoding="UTF-8"?>
<!-- Generated by org.testng.reporters.JUnitReportReporter -->
<testsuite hostname="DESKTOP-OPND05L" name="com.amazonassignment.testcases.LandingPageTest" tests="1" failures="0" timestamp="26 Apr 2020 11:16:11 GMT" time="10.096" errors="0">
  <testcase name="testLandingPage" time="10.096" classname="com.amazonassignment.testcases.LandingPageTest"/>
</testsuite> <!-- com.amazonassignment.testcases.LandingPageTest -->
