<?xml version="1.0" encoding="UTF-8"?>
<!-- Generated by org.testng.reporters.JUnitReportReporter -->
<testsuite hostname="DESKTOP-OPND05L" name="com.amazonassignment.testcases.ProfileTest" tests="1" failures="0" timestamp="24 Apr 2020 13:54:37 GMT" time="16.471" errors="0">
  <testcase name="testProfile" time="16.471" classname="com.amazonassignment.testcases.ProfileTest"/>
</testsuite> <!-- com.amazonassignment.testcases.ProfileTest -->
