<?xml version="1.0" encoding="UTF-8"?>
<!-- Generated by org.testng.reporters.JUnitReportReporter -->
<testsuite hostname="DESKTOP-OPND05L" name="com.amazonassignment.testcases.LogInProcessTest" tests="1" failures="0" timestamp="27 Apr 2020 13:26:25 GMT" time="38.457" errors="0">
  <testcase name="doLogin" time="38.457" classname="com.amazonassignment.testcases.LogInProcessTest"/>
</testsuite> <!-- com.amazonassignment.testcases.LogInProcessTest -->
