<?xml version="1.0" encoding="UTF-8"?>
<!-- Generated by org.testng.reporters.JUnitReportReporter -->
<testsuite hostname="DESKTOP-OPND05L" name="com.amazonassignment.testcases.LaunchPageTest" tests="1" failures="0" timestamp="27 Apr 2020 13:26:25 GMT" time="12.840" errors="0">
  <testcase name="testLaunchPage" time="12.840" classname="com.amazonassignment.testcases.LaunchPageTest"/>
</testsuite> <!-- com.amazonassignment.testcases.LaunchPageTest -->
